{"synthetic": false,
 "schemaVersion": "2025-09-10",
 "outputs":
 {"o": ["8678a9ea27fed0a1.olean"],
  "m": false,
  "i": "f960cc4168219b55.ilean",
  "c": "11f843f73e67b092.c"},
 "log":
 [{"message":
   ".> LEAN_PATH=/Users/xavierfresquet/Documents/Musicologie/CAPTAL-LAB/4-MISC/math/riemann/.lake/packages/Cli/.lake/build/lib/lean:/Users/xavierfresquet/Documents/Musicologie/CAPTAL-LAB/4-MISC/math/riemann/.lake/packages/batteries/.lake/build/lib/lean:/Users/xavierfresquet/Documents/Musicologie/CAPTAL-LAB/4-MISC/math/riemann/.lake/packages/Qq/.lake/build/lib/lean:/Users/xavierfresquet/Documents/Musicologie/CAPTAL-LAB/4-MISC/math/riemann/.lake/packages/aesop/.lake/build/lib/lean:/Users/xavierfresquet/Documents/Musicologie/CAPTAL-LAB/4-MISC/math/riemann/.lake/packages/proofwidgets/.lake/build/lib/lean:/Users/xavierfresquet/Documents/Musicologie/CAPTAL-LAB/4-MISC/math/riemann/.lake/packages/importGraph/.lake/build/lib/lean:/Users/xavierfresquet/Documents/Musicologie/CAPTAL-LAB/4-MISC/math/riemann/.lake/packages/LeanSearchClient/.lake/build/lib/lean:/Users/xavierfresquet/Documents/Musicologie/CAPTAL-LAB/4-MISC/math/riemann/.lake/packages/plausible/.lake/build/lib/lean:/Users/xavierfresquet/Documents/Musicologie/CAPTAL-LAB/4-MISC/math/riemann/.lake/build/lib/lean:/Users/xavierfresquet/Documents/Musicologie/CAPTAL-LAB/4-MISC/math/riemann/.lake/packages/mathlib/.lake/build/lib/lean:/Users/xavierfresquet/Documents/Musicologie/CAPTAL-LAB/4-MISC/math/mathlib/.lake/build/lib/lean /Users/xavierfresquet/.elan/toolchains/leanprover--lean4---v4.30.0/bin/lean /Users/xavierfresquet/Documents/Musicologie/CAPTAL-LAB/4-MISC/math/mathlib/NBMellinTools.lean -o /Users/xavierfresquet/Documents/Musicologie/CAPTAL-LAB/4-MISC/math/mathlib/.lake/build/lib/lean/NBMellinTools.olean -i /Users/xavierfresquet/Documents/Musicologie/CAPTAL-LAB/4-MISC/math/mathlib/.lake/build/lib/lean/NBMellinTools.ilean -c /Users/xavierfresquet/Documents/Musicologie/CAPTAL-LAB/4-MISC/math/mathlib/.lake/build/ir/NBMellinTools.c --setup /Users/xavierfresquet/Documents/Musicologie/CAPTAL-LAB/4-MISC/math/mathlib/.lake/build/ir/NBMellinTools.setup.json --json",
   "level": "trace"}],
 "inputs":
 [["NBMellinTools:deps",
   [["deps",
     [["NBMellinTools/NBMellinTools:extraDep",
       [["@NBMellinTools:extraDep", "00000000000006bb"]]],
      ["imports",
       [["NBMellinTools.LogPullback transitive imports (legacy)",
         "0b594e985451a1a5"],
        ["NBMellinTools.LogPullback:importAllArts", "deca5052f4c15e5d"],
        ["NBMellinTools.MellinEvaluation transitive imports (legacy)",
         "ac93328e5702abff"],
        ["NBMellinTools.MellinEvaluation:importAllArts", "a1cdfd6ebc4a5d15"],
        ["NBMellinTools.BaezDuarteTail transitive imports (legacy)",
         "8a190901bc004807"],
        ["NBMellinTools.BaezDuarteTail:importAllArts", "2a7b7dbfe4b2be61"]]]]],
    ["libs",
     [["import dynlibs", "00000000000006bb"],
      ["package external libraries", "00000000000006bb"],
      ["module dynlibs", "00000000000006bb"],
      ["module plugins", "00000000000006bb"]]]]],
  ["Lean 4.30.0, commit d024af099ca4bf2c86f649261ebf59565dc8c622",
   "2f4703bb19086252"],
  ["/Users/xavierfresquet/Documents/Musicologie/CAPTAL-LAB/4-MISC/math/mathlib/NBMellinTools.lean",
   "a774b60e4fd57936"],
  ["options",
   [["-Dweak.linter.mathlibStandardSet=true", "8a155799906f2b42"],
    ["-DrelaxedAutoImplicit=false", "74a2b5546b55be80"],
    ["-Dpp.unicode.fun=true", "9b94070140457fab"]]],
  ["isModule: false", "feefd2a0d3a1847e"],
  ["Module.name: NBMellinTools", "4f3688ca22330b99"],
  ["Package.id?: (some NBMellinTools)", "86a538edc692457b"],
  ["Module.leanArgs: #[]", "00000000000006bb"]],
 "depHash": "6213835a511033fc"}