{"synthetic": false,
 "schemaVersion": "2025-09-10",
 "outputs":
 {"o": ["daadbc560537514a.olean"],
  "m": false,
  "i": "6dceaf3bf8d1dcc0.ilean",
  "c": "6e0d47739b3bb534.c"},
 "log":
 [{"message":
   ".> LEAN_PATH=/Users/xavierfresquet/Documents/Musicologie/CAPTAL-LAB/4-MISC/math/riemann/.lake/packages/Cli/.lake/build/lib/lean:/Users/xavierfresquet/Documents/Musicologie/CAPTAL-LAB/4-MISC/math/riemann/.lake/packages/batteries/.lake/build/lib/lean:/Users/xavierfresquet/Documents/Musicologie/CAPTAL-LAB/4-MISC/math/riemann/.lake/packages/Qq/.lake/build/lib/lean:/Users/xavierfresquet/Documents/Musicologie/CAPTAL-LAB/4-MISC/math/riemann/.lake/packages/aesop/.lake/build/lib/lean:/Users/xavierfresquet/Documents/Musicologie/CAPTAL-LAB/4-MISC/math/riemann/.lake/packages/proofwidgets/.lake/build/lib/lean:/Users/xavierfresquet/Documents/Musicologie/CAPTAL-LAB/4-MISC/math/riemann/.lake/packages/importGraph/.lake/build/lib/lean:/Users/xavierfresquet/Documents/Musicologie/CAPTAL-LAB/4-MISC/math/riemann/.lake/packages/LeanSearchClient/.lake/build/lib/lean:/Users/xavierfresquet/Documents/Musicologie/CAPTAL-LAB/4-MISC/math/riemann/.lake/packages/plausible/.lake/build/lib/lean:/Users/xavierfresquet/Documents/Musicologie/CAPTAL-LAB/4-MISC/math/riemann/.lake/build/lib/lean:/Users/xavierfresquet/Documents/Musicologie/CAPTAL-LAB/4-MISC/math/riemann/.lake/packages/mathlib/.lake/build/lib/lean:/Users/xavierfresquet/Documents/Musicologie/CAPTAL-LAB/4-MISC/math/mathlib/.lake/build/lib/lean /Users/xavierfresquet/.elan/toolchains/leanprover--lean4---v4.30.0/bin/lean /Users/xavierfresquet/Documents/Musicologie/CAPTAL-LAB/4-MISC/math/mathlib/NBMellinTools/BaezDuarteTail.lean -o /Users/xavierfresquet/Documents/Musicologie/CAPTAL-LAB/4-MISC/math/mathlib/.lake/build/lib/lean/NBMellinTools/BaezDuarteTail.olean -i /Users/xavierfresquet/Documents/Musicologie/CAPTAL-LAB/4-MISC/math/mathlib/.lake/build/lib/lean/NBMellinTools/BaezDuarteTail.ilean -c /Users/xavierfresquet/Documents/Musicologie/CAPTAL-LAB/4-MISC/math/mathlib/.lake/build/ir/NBMellinTools/BaezDuarteTail.c --setup /Users/xavierfresquet/Documents/Musicologie/CAPTAL-LAB/4-MISC/math/mathlib/.lake/build/ir/NBMellinTools/BaezDuarteTail.setup.json --json",
   "level": "trace"}],
 "inputs":
 [["NBMellinTools.BaezDuarteTail:deps",
   [["deps",
     [["NBMellinTools/NBMellinTools:extraDep",
       [["@NBMellinTools:extraDep", "00000000000006bb"]]],
      ["imports",
       [["RiemannHypothesis.Criteria.NymanBeurling.BaezDuarte transitive imports (legacy)",
         "ef802c48795649a2"],
        ["RiemannHypothesis.Criteria.NymanBeurling.BaezDuarte:importAllArts",
         "93c011f942f315da"]]]]],
    ["libs",
     [["import dynlibs", "00000000000006bb"],
      ["package external libraries", "00000000000006bb"],
      ["module dynlibs", "00000000000006bb"],
      ["module plugins", "00000000000006bb"]]]]],
  ["Lean 4.30.0, commit d024af099ca4bf2c86f649261ebf59565dc8c622",
   "2f4703bb19086252"],
  ["/Users/xavierfresquet/Documents/Musicologie/CAPTAL-LAB/4-MISC/math/mathlib/NBMellinTools/BaezDuarteTail.lean",
   "e0b694b444c93d2a"],
  ["options",
   [["-Dweak.linter.mathlibStandardSet=true", "8a155799906f2b42"],
    ["-DrelaxedAutoImplicit=false", "74a2b5546b55be80"],
    ["-Dpp.unicode.fun=true", "9b94070140457fab"]]],
  ["isModule: false", "feefd2a0d3a1847e"],
  ["Module.name: NBMellinTools.BaezDuarteTail", "bc705364f4dee3a6"],
  ["Package.id?: (some NBMellinTools)", "86a538edc692457b"],
  ["Module.leanArgs: #[]", "00000000000006bb"]],
 "depHash": "e02a64d498351a8e"}