{"synthetic": false,
 "schemaVersion": "2025-09-10",
 "outputs":
 {"o": ["685467604fe72116.olean"],
  "m": false,
  "i": "827c3b2dce26acc8.ilean",
  "c": "a322b6f1a9fe678d.c"},
 "log":
 [{"message":
   ".> LEAN_PATH=/Users/xavierfresquet/Documents/Musicologie/CAPTAL-LAB/4-MISC/math/riemann/.lake/packages/Cli/.lake/build/lib/lean:/Users/xavierfresquet/Documents/Musicologie/CAPTAL-LAB/4-MISC/math/riemann/.lake/packages/batteries/.lake/build/lib/lean:/Users/xavierfresquet/Documents/Musicologie/CAPTAL-LAB/4-MISC/math/riemann/.lake/packages/Qq/.lake/build/lib/lean:/Users/xavierfresquet/Documents/Musicologie/CAPTAL-LAB/4-MISC/math/riemann/.lake/packages/aesop/.lake/build/lib/lean:/Users/xavierfresquet/Documents/Musicologie/CAPTAL-LAB/4-MISC/math/riemann/.lake/packages/proofwidgets/.lake/build/lib/lean:/Users/xavierfresquet/Documents/Musicologie/CAPTAL-LAB/4-MISC/math/riemann/.lake/packages/importGraph/.lake/build/lib/lean:/Users/xavierfresquet/Documents/Musicologie/CAPTAL-LAB/4-MISC/math/riemann/.lake/packages/LeanSearchClient/.lake/build/lib/lean:/Users/xavierfresquet/Documents/Musicologie/CAPTAL-LAB/4-MISC/math/riemann/.lake/packages/plausible/.lake/build/lib/lean:/Users/xavierfresquet/Documents/Musicologie/CAPTAL-LAB/4-MISC/math/riemann/.lake/build/lib/lean:/Users/xavierfresquet/Documents/Musicologie/CAPTAL-LAB/4-MISC/math/riemann/.lake/packages/mathlib/.lake/build/lib/lean:/Users/xavierfresquet/Documents/Musicologie/CAPTAL-LAB/4-MISC/math/mathlib/.lake/build/lib/lean /Users/xavierfresquet/.elan/toolchains/leanprover--lean4---v4.30.0/bin/lean /Users/xavierfresquet/Documents/Musicologie/CAPTAL-LAB/4-MISC/math/mathlib/NBMellinTools/LogPullback.lean -o /Users/xavierfresquet/Documents/Musicologie/CAPTAL-LAB/4-MISC/math/mathlib/.lake/build/lib/lean/NBMellinTools/LogPullback.olean -i /Users/xavierfresquet/Documents/Musicologie/CAPTAL-LAB/4-MISC/math/mathlib/.lake/build/lib/lean/NBMellinTools/LogPullback.ilean -c /Users/xavierfresquet/Documents/Musicologie/CAPTAL-LAB/4-MISC/math/mathlib/.lake/build/ir/NBMellinTools/LogPullback.c --setup /Users/xavierfresquet/Documents/Musicologie/CAPTAL-LAB/4-MISC/math/mathlib/.lake/build/ir/NBMellinTools/LogPullback.setup.json --json",
   "level": "trace"}],
 "inputs":
 [["NBMellinTools.LogPullback:deps",
   [["deps",
     [["NBMellinTools/NBMellinTools:extraDep",
       [["@NBMellinTools:extraDep", "00000000000006bb"]]],
      ["imports",
       [["Mathlib.Analysis.MellinInversion transitive imports (legacy)",
         "328dbbfe697b74fb"],
        ["Mathlib.Analysis.MellinInversion:importAllArts", "e7c1cf7585f0b532"],
        ["Mathlib.Analysis.Fourier.LpSpace transitive imports (legacy)",
         "aedc1d7c0f65d179"],
        ["Mathlib.Analysis.Fourier.LpSpace:importAllArts",
         "6382a1d1a52a5dfa"]]]]],
    ["libs",
     [["import dynlibs", "00000000000006bb"],
      ["package external libraries", "00000000000006bb"],
      ["module dynlibs", "00000000000006bb"],
      ["module plugins", "00000000000006bb"]]]]],
  ["Lean 4.30.0, commit d024af099ca4bf2c86f649261ebf59565dc8c622",
   "2f4703bb19086252"],
  ["/Users/xavierfresquet/Documents/Musicologie/CAPTAL-LAB/4-MISC/math/mathlib/NBMellinTools/LogPullback.lean",
   "20600c7b15546370"],
  ["options",
   [["-Dweak.linter.mathlibStandardSet=true", "8a155799906f2b42"],
    ["-DrelaxedAutoImplicit=false", "74a2b5546b55be80"],
    ["-Dpp.unicode.fun=true", "9b94070140457fab"]]],
  ["isModule: false", "feefd2a0d3a1847e"],
  ["Module.name: NBMellinTools.LogPullback", "5388f9b013fdb724"],
  ["Package.id?: (some NBMellinTools)", "86a538edc692457b"],
  ["Module.leanArgs: #[]", "00000000000006bb"]],
 "depHash": "e2f0984af177f043"}