{"synthetic": false,
 "schemaVersion": "2025-09-10",
 "outputs":
 {"o": ["53562e0c2a673eea.olean"],
  "m": false,
  "i": "4b104400e08735cf.ilean",
  "c": "ac188ce085285035.c"},
 "log":
 [{"message":
   ".> LEAN_PATH=/Users/xavierfresquet/Documents/Musicologie/CAPTAL-LAB/4-MISC/math/riemann/.lake/packages/Cli/.lake/build/lib/lean:/Users/xavierfresquet/Documents/Musicologie/CAPTAL-LAB/4-MISC/math/riemann/.lake/packages/batteries/.lake/build/lib/lean:/Users/xavierfresquet/Documents/Musicologie/CAPTAL-LAB/4-MISC/math/riemann/.lake/packages/Qq/.lake/build/lib/lean:/Users/xavierfresquet/Documents/Musicologie/CAPTAL-LAB/4-MISC/math/riemann/.lake/packages/aesop/.lake/build/lib/lean:/Users/xavierfresquet/Documents/Musicologie/CAPTAL-LAB/4-MISC/math/riemann/.lake/packages/proofwidgets/.lake/build/lib/lean:/Users/xavierfresquet/Documents/Musicologie/CAPTAL-LAB/4-MISC/math/riemann/.lake/packages/importGraph/.lake/build/lib/lean:/Users/xavierfresquet/Documents/Musicologie/CAPTAL-LAB/4-MISC/math/riemann/.lake/packages/LeanSearchClient/.lake/build/lib/lean:/Users/xavierfresquet/Documents/Musicologie/CAPTAL-LAB/4-MISC/math/riemann/.lake/packages/plausible/.lake/build/lib/lean:/Users/xavierfresquet/Documents/Musicologie/CAPTAL-LAB/4-MISC/math/riemann/.lake/build/lib/lean:/Users/xavierfresquet/Documents/Musicologie/CAPTAL-LAB/4-MISC/math/riemann/.lake/packages/mathlib/.lake/build/lib/lean:/Users/xavierfresquet/Documents/Musicologie/CAPTAL-LAB/4-MISC/math/mathlib/.lake/build/lib/lean /Users/xavierfresquet/.elan/toolchains/leanprover--lean4---v4.30.0/bin/lean /Users/xavierfresquet/Documents/Musicologie/CAPTAL-LAB/4-MISC/math/mathlib/NBMellinTools/MellinEvaluation.lean -o /Users/xavierfresquet/Documents/Musicologie/CAPTAL-LAB/4-MISC/math/mathlib/.lake/build/lib/lean/NBMellinTools/MellinEvaluation.olean -i /Users/xavierfresquet/Documents/Musicologie/CAPTAL-LAB/4-MISC/math/mathlib/.lake/build/lib/lean/NBMellinTools/MellinEvaluation.ilean -c /Users/xavierfresquet/Documents/Musicologie/CAPTAL-LAB/4-MISC/math/mathlib/.lake/build/ir/NBMellinTools/MellinEvaluation.c --setup /Users/xavierfresquet/Documents/Musicologie/CAPTAL-LAB/4-MISC/math/mathlib/.lake/build/ir/NBMellinTools/MellinEvaluation.setup.json --json",
   "level": "trace"}],
 "inputs":
 [["NBMellinTools.MellinEvaluation:deps",
   [["deps",
     [["NBMellinTools/NBMellinTools:extraDep",
       [["@NBMellinTools:extraDep", "00000000000006bb"]]],
      ["imports",
       [["Mathlib.Analysis.MellinTransform transitive imports (legacy)",
         "12dde9019ad85e9e"],
        ["Mathlib.Analysis.MellinTransform:importAllArts", "b61d2ebdc3d7e6f1"],
        ["Mathlib.MeasureTheory.Integral.Bochner.Basic transitive imports (legacy)",
         "2e96eca9b38e0b51"],
        ["Mathlib.MeasureTheory.Integral.Bochner.Basic:importAllArts",
         "8f7a957626fc0914"]]]]],
    ["libs",
     [["import dynlibs", "00000000000006bb"],
      ["package external libraries", "00000000000006bb"],
      ["module dynlibs", "00000000000006bb"],
      ["module plugins", "00000000000006bb"]]]]],
  ["Lean 4.30.0, commit d024af099ca4bf2c86f649261ebf59565dc8c622",
   "2f4703bb19086252"],
  ["/Users/xavierfresquet/Documents/Musicologie/CAPTAL-LAB/4-MISC/math/mathlib/NBMellinTools/MellinEvaluation.lean",
   "244ff1d26fdc350e"],
  ["options",
   [["-Dweak.linter.mathlibStandardSet=true", "8a155799906f2b42"],
    ["-DrelaxedAutoImplicit=false", "74a2b5546b55be80"],
    ["-Dpp.unicode.fun=true", "9b94070140457fab"]]],
  ["isModule: false", "feefd2a0d3a1847e"],
  ["Module.name: NBMellinTools.MellinEvaluation", "4326b985f3eaeaa4"],
  ["Package.id?: (some NBMellinTools)", "86a538edc692457b"],
  ["Module.leanArgs: #[]", "00000000000006bb"]],
 "depHash": "2c5f89c0b2506f33"}