Downloading https://www.math.wustl.edu/~kumar/courses/310-2017/310W-2017/assignment2/chenthuran2_rieman_Paper.pdf ...
Downloading https://noncommutativeanalysis.wordpress.com/wp-content/uploads/2025/10/on-riemanns-famous-paper-on-the-zeta-function-on-the-number-of-primes-less-than-a-given-magnitude.pdf ...
Downloading https://www.claymath.org/wp-content/uploads/2022/05/riemann.pdf ...
Downloading https://www.claymath.org/library/annual_report/ar2004/04report_sarnak.pdf ...
Downloading https://arxiv.org/pdf/2602.04022 ...
Downloading https://aimath.org/~kaur/publications/90.pdf ...
Downloading https://empslocal.ex.ac.uk/people/staff/mrwatkin/zeta/petersen.pdf ...
Downloading https://web.williams.edu/Mathematics/sjmiller/public_html/372Fa17/addcomments/SondowHavilRHmm6.pdf ...
Downloading https://gtbac.telecom-paristech.fr/slides/110114sole.pdf ...
Downloading https://arxiv.org/pdf/0910.1534 ...
Downloading https://www.diva-portal.org/smash/get/diva2:752775/FULLTEXT01.pdf ...
Failed https://www.diva-portal.org/smash/get/diva2:752775/FULLTEXT01.pdf: <urlopen error timed out>
Downloading https://www.diva-portal.org/smash/get/diva2:1741450/FULLTEXT01.pdf ...
Failed https://www.diva-portal.org/smash/get/diva2:1741450/FULLTEXT01.pdf: <urlopen error timed out>
Downloading https://insa.nic.in/writereaddata/UpLoadedFiles/IJPAM/Vol54_2023_1_ART13.pdf ...
Downloading https://sas.rochester.edu/mth/people/faculty/gonek-steve/assets/pdf/simplezeros.pdf ...
Downloading http://www.paris8.free.fr/Titchmarsh_TheTheoryoftheRiemannZeta-Function.pdf ...
Downloading https://resources.saylor.org/wwwresources/archived/site/wp-content/uploads/2012/06/MA111_Wikipedia_Riemann-Hypothesis_6.8.2012.pdf ...
Downloading https://www.parabola.unsw.edu.au/sites/default/files/2025-12/vol61_no3_5.pdf ...
Downloading https://brittlebooks.library.illinois.edu/brittlebooks_closed/Books2011-10/titced0001zetof/titced0001zetof.pdf ...
Downloading http://www.stat.ucla.edu/~ywu/Riemann.pdf ...
Downloading https://arxiv.org/pdf/1602.01799 ...
Downloading https://ssmr.ro/bulletin/pdf/63-1/articol_4.pdf ...
Downloading https://empslocal.ex.ac.uk/people/staff/mrwatkin/zeta/xray2.pdf ...
Downloading https://www.cmup.pt/sites/default/files/2023-11/RHALF_CMUP_4.pdf ...
Downloading https://scispace.com/pdf/review-e-c-titchmarsh-the-theory-of-the-riemann-zeta-55gp2iudjk.pdf ...
Failed https://scispace.com/pdf/review-e-c-titchmarsh-the-theory-of-the-riemann-zeta-55gp2iudjk.pdf: HTTP Error 403: Forbidden
Downloading https://arxiv.org/pdf/math/0401126 ...
Downloading https://empslocal.ex.ac.uk/people/staff/mrwatkin/zeta/bump-zeros.pdf ...
Downloading https://www.cambridge.org/core/services/aop-cambridge-core/content/view/B4EC068F70EBCBA86E5F536F75444DCE/S1446788700034984a.pdf/hardys-legacy-to-number-theory.pdf ...
Downloading https://matwbn.icm.edu.pl/ksiazki/aa/aa32/aa3216.pdf ...
Downloading http://numbers.computation.free.fr/Constants/Miscellaneous/zetaevaluations.pdf ...
Downloading https://sites.math.rutgers.edu/~zeilberg/EM18/TitchmarshZeta.pdf ...
Downloading https://www.researchgate.net/profile/Jorgen-Veisdal/publication/354172739_Prime_Numbers_and_the_Riemann_Zeta_Function/links/61293c492b40ec7d8bca2d56/Prime-Numbers-and-the-Riemann-Zeta-Function.pdf ...
Failed https://www.researchgate.net/profile/Jorgen-Veisdal/publication/354172739_Prime_Numbers_and_the_Riemann_Zeta_Function/links/61293c492b40ec7d8bca2d56/Prime-Numbers-and-the-Riemann-Zeta-Function.pdf: HTTP Error 403: Forbidden
Downloaded 27 PDFs.
