Searching: P. L. Chebyshev (1848) - Journal de Mathématiques Pures et Appliquées
  -> No Open Access PDF found.
Searching: P. L. Chebyshev (1850) - Mémoires de l'Académie des Sciences de Saint-Pétersbourg
  -> No Open Access PDF found.
Searching: Bernhard Riemann (1859) - Monatsberichte der Königlich Preußischen Akademie
  -> No Open Access PDF found.
Searching: F. Mertens (1874) - Journal für die reine und angewandte Mathematik
  -> No Open Access PDF found.
Searching: Richard Dedekind (1877) - Vorlesungen über Zahlentheorie (Brunswick)
  -> No Open Access PDF found.
Searching: Thomas Stieltjes (1885) - Letter to Hermite / Correspondence
  -> No Open Access PDF found.
Searching: Jacques Hadamard (1893) - Journal de Mathématiques Pures et Appliquées
  -> No Open Access PDF found.
Searching: Hans von Mangoldt (1895) - Journal für die reine und angewandte Mathematik
  -> No Open Access PDF found.
Searching: Jacques Hadamard (1896) - Annales Scientifiques de l'École Normale Supérieure
  -> No Open Access PDF found.
Searching: C. J. de la Vallée Poussin (1896) - Annales de la Société Scientifique de Bruxelles
  -> No Open Access PDF found.
Searching: F. Mertens (1897) - Sitzungsberichte der Kaiserlichen Akademie
  -> No Open Access PDF found.
Searching: C. J. de la Vallée Poussin (1899) - Annales de la Société Scientifique de Bruxelles
  -> No Open Access PDF found.
Searching: David Hilbert (1900) - International Congress of Mathematicians, Paris
  -> No Open Access PDF found.
Searching: J. P. Gram (1903) - Acta Mathematica
  -> No Open Access PDF found.
Searching: Paul Epstein (1903) - Mathematische Annalen
  -> No Open Access PDF found.
Searching: Edmund Landau (1906) - Mathematische Annalen
  -> No Open Access PDF found.
Searching: Ernst Lindelöf (1908) - Bulletin des Sciences Mathématiques
  -> No Open Access PDF found.
Searching: Edmund Landau (1909) - Handbuch der Verteilung der Primzahlen
  -> No Open Access PDF found.
Searching: John E. Littlewood (1912) - Comptes Rendus de l'Académie des Sciences
  -> No Open Access PDF found.
Searching: Harald Bohr (1913) - Göttinger Nachrichten
  -> No Open Access PDF found.
Searching: G. H. Hardy (1914) - Comptes Rendus de l'Académie des Sciences
  -> No Open Access PDF found.
Searching: Harald Bohr and Edmund Landau (1914) - Rendiconti del Circolo Matematico di Palermo
  -> No Open Access PDF found.
Searching: R. J. Backlund (1914) - Comptes Rendus de l'Académie des Sciences
  -> No Open Access PDF found.
Searching: Harald Bohr and Richard Courant (1914) - Journal für die reine und angewandte Mathematik
  -> No Open Access PDF found.
Searching: John E. Littlewood (1914) - Journal of the London Mathematical Society
  -> No Open Access PDF found.
Searching: Hermann Weyl (1916) - Mathematische Annalen
  -> No Open Access PDF found.
Searching: Marcel Riesz (1916) - Acta Mathematica
  -> No Open Access PDF found.
Searching: Erich Hecke (1917) - Göttinger Nachrichten
  -> No Open Access PDF found.
Searching: R. J. Backlund (1918) - Acta Mathematica
  -> No Open Access PDF found.
Searching: George Pólya (1918) - Göttinger Nachrichten
  -> No Open Access PDF found.
Searching: G. H. Hardy and J. E. Littlewood (1918) - Acta Mathematica
  -> No Open Access PDF found.
Searching: Erich Hecke (1920) - Mathematische Annalen
  -> No Open Access PDF found.
Searching: G. H. Hardy and J. E. Littlewood (1921) - Mathematische Zeitschrift
  -> No Open Access PDF found.
Searching: Harald Cramér (1922) - Arkiv för Matematik, Astronomi och Fysik
  -> No Open Access PDF found.
Searching: G. H. Hardy and J. E. Littlewood (1923) - Acta Mathematica
  -> No Open Access PDF found.
Searching: Emil Artin (1924) - Mathematische Zeitschrift
  -> No Open Access PDF found.
Searching: John E. Littlewood (1924) - Proceedings of the London Mathematical Society
  -> No Open Access PDF found.
Searching: Guido Hoheisel (1930) - Sitzungsberichte der Preußischen Akademie
  -> No Open Access PDF found.
Searching: A. E. Ingham (1932) - The Distribution of Prime Numbers (CUP)
  -> No Open Access PDF found.
Searching: Carl Ludwig Siegel (1932) - Quellen und Studien zur Geschichte der Mathematik
  -> No Open Access PDF found.
Searching: Andreas Speiser (1934) - Mathematische Annalen
  -> No Open Access PDF found.
Searching: E. C. Titchmarsh (1935) - The Zeta-Function of Riemann (Cambridge Tract)
  -> No Open Access PDF found.
Searching: Harald Cramér (1936) - Acta Arithmetica
  -> No Open Access PDF found.
Searching: A. E. Ingham (1937) - Quarterly Journal of Mathematics
  -> No Open Access PDF found.
Searching: A. E. Ingham (1940) - Quarterly Journal of Mathematics
  -> No Open Access PDF found.
Searching: André Weil (1940) - Proceedings of the National Academy of Sciences
  -> No Open Access PDF found.
Searching: Atle Selberg (1942) - Skrifter utgitt av Det Norske Videnskaps-Akademi
  -> No Open Access PDF found.
Searching: Atle Selberg (1946) - Archiv for Mathematik og Naturvidenskab
  -> No Open Access PDF found.
Searching: Paul Turán (1948) - Dansk Videnskabernes Selskab
  -> No Open Access PDF found.
Searching: André Weil (1948) - Sur les Courbes Algébriques (Hermann)
  -> No Open Access PDF found.
Searching: Atle Selberg (1949) - Annals of Mathematics
  -> No Open Access PDF found.
Searching: Bertil Nyman (1950) - Ph.D. Thesis, University of Uppsala
  -> No Open Access PDF found.
Searching: N. G. de Bruijn (1950) - Duke Mathematical Journal
  -> No Open Access PDF found.
Searching: E. C. Titchmarsh (1951) - The Theory of the Riemann Zeta-Function (OUP)
  -> No Open Access PDF found.
Searching: Alan M. Turing (1953) - Proceedings of the London Mathematical Society
  -> No Open Access PDF found.
Searching: Paul Turán (1953) - Eine neue Methode in der Analysis und deren Anwendungen
  -> No Open Access PDF found.
Searching: Arne Beurling (1955) - Proceedings of the National Academy of Sciences
  -> No Open Access PDF found.
Searching: Atle Selberg (1956) - Journal of the Indian Mathematical Society
  -> No Open Access PDF found.
Searching: I. M. Vinogradov (1958) - Izvestiya Akademii Nauk SSSR
  -> No Open Access PDF found.
Searching: N. M. Korobov (1958) - Doklady Akademii Nauk SSSR
  -> No Open Access PDF found.
Searching: Enrico Bombieri (1965) - Mathematika
  -> No Open Access PDF found.
Searching: H. M. Stark (1967) - Michigan Mathematical Journal
  -> No Open Access PDF found.
Searching: Alan Baker (1967) - Philosophical Transactions of the Royal Society
  -> No Open Access PDF found.
Searching: G. Halász and P. Turán (1969) - Journal of Number Theory
  -> No Open Access PDF found.
Searching: Enrico Bombieri (1971) - Incontri del Seminario Matematico di Milano
  -> No Open Access PDF found.
Searching: Hugh L. Montgomery (1971) - Topics in Multiplicative Number Theory (Springer)
  -> No Open Access PDF found.
Searching: Hugh L. Montgomery (1973) - Proceedings of Symposia in Pure Mathematics
  -> No Open Access PDF found.
Searching: H. L. Montgomery and R. C. Vaughan (1973) - Mathematika
  -> No Open Access PDF found.
Searching: Norman Levinson (1974) - Advances in Mathematics
  -> No Open Access PDF found.
Searching: Pierre Deligne (1974) - Publications Mathématiques de l'IHÉS
  -> No Open Access PDF found.
Searching: Enrico Bombieri (1976) - Le Grand Crible dans la Théorie Analytique des Nombres
  -> No Open Access PDF found.
Searching: H. L. Montgomery and R. C. Vaughan (1977) - Journal of the London Mathematical Society
  -> No Open Access PDF found.
Searching: Matti Jutila (1977) - Acta Arithmetica
  -> No Open Access PDF found.
Searching: D. R. Heath-Brown (1979) - Journal of the London Mathematical Society
  -> Found PDF URL: https://projecteuclid.org/journals/annals-of-statistics/volume-7/issue-3/Distributed-Lag-Approximation-to-Linear-Time-Invariant-Systems/10.1214/aos/1176344672.pdf
  -> URL points to HTML, skipping: https://projecteuclid.org/journals/annals-of-statistics/volume-7/issue-3/Distributed-Lag-Approximation-to-Linear-Time-Invariant-Systems/10.1214/aos/1176344672.pdf
Searching: Roger Apéry (1979) - Astérisque
  -> No Open Access PDF found.
Searching: Jean-Louis Nicolas (1983) - Journal of Number Theory
  -> No Open Access PDF found.
Searching: Guy Robin (1984) - Journal de Mathématiques Pures et Appliquées
  -> No Open Access PDF found.
Searching: J. B. Conrey and A. Ghosh (1984) - Mathematische Annalen
  -> No Open Access PDF found.
Searching: Aleksandar Ivić (1985) - The Riemann Zeta-Function (John Wiley & Sons)
  -> No Open Access PDF found.
Searching: A. M. Odlyzko and H. J. J. te Riele (1985) - Journal für die reine und angewandte Mathematik
  -> No Open Access PDF found.
Searching: Louis de Branges (1986) - Journal of Functional Analysis
  -> No Open Access PDF found.
Searching: M. V. Berry (1986) - Proceedings of the Royal Society of London
  -> No Open Access PDF found.
Searching: E. C. Titchmarsh and D. R. Heath-Brown (1986) - The Theory of the Riemann Zeta-Function (2nd Ed.)
  -> No Open Access PDF found.
Searching: A. M. Odlyzko (1987) - Mathematics of Computation
  -> No Open Access PDF found.
Searching: D. A. Goldston and H. L. Montgomery (1987) - Srinivasa Ramanujan Centenary Volume
  -> No Open Access PDF found.
Searching: J. B. Conrey (1989) - Journal für die reine und angewandte Mathematik
  -> No Open Access PDF found.
Searching: S. M. Voronin and A. A. Karatsuba (1992) - The Riemann Zeta-Function (Walter de Gruyter)
  -> No Open Access PDF found.
Searching: Enrico Bombieri and Dennis A. Hejhal (1995) - Duke Mathematical Journal
  -> No Open Access PDF found.
Searching: Xian-Jin Li (1997) - Journal of Number Theory
  -> No Open Access PDF found.
Searching: J. B. Conrey, A. Ghosh, and S. M. Gonek (1998) - Proceedings of the London Mathematical Society
  -> No Open Access PDF found.
Searching: Alain Connes (1999) - Selecta Mathematica
  -> No Open Access PDF found.
Searching: Nicholas M. Katz and Peter Sarnak (1999) - Random Symmetries and Fluctuations (AMS)
  -> No Open Access PDF found.
Searching: M. V. Berry and J. P. Keating (1999) - SIAM Review
  -> Found PDF URL: https://link.springer.com/content/pdf/10.1023/A:1006145903624.pdf
  -> URL points to HTML, skipping: https://link.springer.com/content/pdf/10.1023/A:1006145903624.pdf
Searching: Nicholas M. Katz and Peter Sarnak (1999) - Bulletin of the American Mathematical Society
  -> No Open Access PDF found.
Searching: J. P. Keating and N. C. Snaith (2000) - Communications in Mathematical Physics
  -> No Open Access PDF found.
Searching: Henryk Iwaniec and Emmanuel Kowalski (2004) - Analytic Number Theory (AMS)
  -> No Open Access PDF found.
Searching: K. Maslanka (2004) - Journal of Computational and Applied Mathematics
  -> No Open Access PDF found.
Searching: Luis Báez-Duarte (2003) - Atti della Accademia Nazionale dei Lincei
  -> No Open Access PDF found.
Searching: J. B. Conrey (2003) - Notices of the AMS
  -> No Open Access PDF found.
Searching: Peter Sarnak (2004) - Clay Mathematics Institute Annual Report
  -> No Open Access PDF found.
Searching: J. B. Conrey et al. (2005) - Proceedings of the London Mathematical Society
Error searching OpenAlex: 429 Client Error: Too Many Requests for url: https://api.openalex.org/works?search=J.%20B.%20Conrey%20et%20al.%20Proceedings%20of%20the%20London%20Mathematical%20Society%20Formulates%20the%20%22recipe%22%20for%20predicting%20the%20exact%20a&filter=publication_year:2005&mailto=antigravity@example.com
  -> No Open Access PDF found.
Searching: H. L. Montgomery and R. C. Vaughan (2007) - Multiplicative Number Theory I (CUP)
Error searching OpenAlex: 429 Client Error: Too Many Requests for url: https://api.openalex.org/works?search=H.%20L.%20Montgomery%20and%20R.%20C.%20Vaughan%20Multiplicative%20Number%20Theory%20I%20%28CUP%29%20Monograph%20detailing%20the%20classical%20theory&filter=publication_year:2007&mailto=antigravity@example.com
  -> No Open Access PDF found.
Searching: Peter Borwein et al. (Eds.) (2008) - The Riemann Hypothesis: A Resource for the...
Error searching OpenAlex: 429 Client Error: Too Many Requests for url: https://api.openalex.org/works?search=Peter%20Borwein%20et%20al.%20%28Eds.%29%20The%20Riemann%20Hypothesis%3A%20A%20Resource%20for%20the...%20Compiles%20the%20most%20important%20historical%20papers&filter=publication_year:2008&mailto=antigravity@example.com
  -> No Open Access PDF found.
Searching: K. Soundararajan (2009) - Annals of Mathematics
Error searching OpenAlex: 429 Client Error: Too Many Requests for url: https://api.openalex.org/works?search=K.%20Soundararajan%20Annals%20of%20Mathematics%20Proves%20sharp%20upper%20bounds%20for%20the%20moments%20of%20the%20R&filter=publication_year:2009&mailto=antigravity@example.com
  -> No Open Access PDF found.
Searching: D. A. Goldston, J. Pintz, and C. Y. Yıldırım (2009) - Annals of Mathematics
Error searching OpenAlex: 429 Client Error: Too Many Requests for url: https://api.openalex.org/works?search=D.%20A.%20Goldston%2C%20J.%20Pintz%2C%20and%20C.%20Y.%20Y%C4%B1ld%C4%B1r%C4%B1m%20Annals%20of%20Mathematics%20Develops%20the%20GPY%20method%20for%20prime%20gaps&filter=publication_year:2009&mailto=antigravity@example.com
  -> No Open Access PDF found.
Searching: K. Soundararajan (2010) - Annals of Mathematics
Error searching OpenAlex: 429 Client Error: Too Many Requests for url: https://api.openalex.org/works?search=K.%20Soundararajan%20Annals%20of%20Mathematics%20Proves%20weak%20subconvexity%20for%20general%20L-functions&filter=publication_year:2010&mailto=antigravity@example.com
  -> No Open Access PDF found.
Searching: Yitang Zhang (2014) - Annals of Mathematics
Error searching OpenAlex: 429 Client Error: Too Many Requests for url: https://api.openalex.org/works?search=Yitang%20Zhang%20Annals%20of%20Mathematics%20Proves%20bounded%20gaps%20between%20primes&filter=publication_year:2014&mailto=antigravity@example.com
  -> No Open Access PDF found.
Searching: James Maynard (2015) - Annals of Mathematics
Error searching OpenAlex: 429 Client Error: Too Many Requests for url: https://api.openalex.org/works?search=James%20Maynard%20Annals%20of%20Mathematics%20Develops%20the%20multidimensional%20sieve&filter=publication_year:2015&mailto=antigravity@example.com
  -> No Open Access PDF found.
Searching: Terence Tao (2016) - Publications Mathématiques de l'IHÉS
Error searching OpenAlex: 429 Client Error: Too Many Requests for url: https://api.openalex.org/works?search=Terence%20Tao%20Publications%20Math%C3%A9matiques%20de%20l%27IH%C3%89S%20Solves%20the%20Erd%C5%91s%20discrepancy%20problem&filter=publication_year:2016&mailto=antigravity@example.com
  -> No Open Access PDF found.
Searching: Kevin A. Broughan (2017) - Equivalents of the Riemann Hypothesis I (CUP)
Error searching OpenAlex: 429 Client Error: Too Many Requests for url: https://api.openalex.org/works?search=Kevin%20A.%20Broughan%20Equivalents%20of%20the%20Riemann%20Hypothesis%20I%20%28CUP%29%20Monograph%20presenting%20the%20comprehensive%20mathematica&filter=publication_year:2017&mailto=antigravity@example.com
  -> No Open Access PDF found.
Searching: Kevin A. Broughan (2017) - Equivalents of the Riemann Hypothesis II (CUP)
Error searching OpenAlex: 429 Client Error: Too Many Requests for url: https://api.openalex.org/works?search=Kevin%20A.%20Broughan%20Equivalents%20of%20the%20Riemann%20Hypothesis%20II%20%28CUP%29%20Monograph%20presenting%20the%20comprehensive%20mathematica&filter=publication_year:2017&mailto=antigravity@example.com
  -> No Open Access PDF found.
Searching: H. Montgomery et al. (Eds.) (2017) - Exploring the Riemann Zeta Function (Springer)
Error searching OpenAlex: 429 Client Error: Too Many Requests for url: https://api.openalex.org/works?search=H.%20Montgomery%20et%20al.%20%28Eds.%29%20Exploring%20the%20Riemann%20Zeta%20Function%20%28Springer%29%20A%20survey%20compiled%20for%20the%20190th%20anniversary&filter=publication_year:2017&mailto=antigravity@example.com
  -> No Open Access PDF found.
Searching: Dave Platt and Timothy Trudgian (2021) - Bulletin of the London Mathematical Society
Error searching OpenAlex: 429 Client Error: Too Many Requests for url: https://api.openalex.org/works?search=Dave%20Platt%20and%20Timothy%20Trudgian%20Bulletin%20of%20the%20London%20Mathematical%20Society%20Computes%20and%20verifies%20the%20Riemann%20Hypothesis%20rigor&filter=publication_year:2021&mailto=antigravity@example.com
  -> No Open Access PDF found.
Searching: H. M. Bui and D. R. Heath-Brown (2013) - Bulletin of the London Mathematical Society
Error searching OpenAlex: 429 Client Error: Too Many Requests for url: https://api.openalex.org/works?search=H.%20M.%20Bui%20and%20D.%20R.%20Heath-Brown%20Bulletin%20of%20the%20London%20Mathematical%20Society%20Proves%20that%20at%20least%20simple%20zeros%20assuming%20only%20RH&filter=publication_year:2013&mailto=antigravity@example.com
  -> No Open Access PDF found.
Searching: S. Suman and R. K. Das (2023) - Indian Journal of Pure and Applied Mathematics
Error searching OpenAlex: 429 Client Error: Too Many Requests for url: https://api.openalex.org/works?search=S.%20Suman%20and%20R.%20K.%20Das%20Indian%20Journal%20of%20Pure%20and%20Applied%20Mathematics%20Proves%20a%20new%20series%20sum%20equivalent&filter=publication_year:2023&mailto=antigravity@example.com
  -> No Open Access PDF found.
Searching: M. Mossinghoff, T. Trudgian, and A. Yang (2024) - Journal of Number Theory
Error searching OpenAlex: 429 Client Error: Too Many Requests for url: https://api.openalex.org/works?search=M.%20Mossinghoff%2C%20T.%20Trudgian%2C%20and%20A.%20Yang%20Journal%20of%20Number%20Theory%20Establishes%20the%20largest%20explicit%20classical%20and%20Vin&filter=publication_year:2024&mailto=antigravity@example.com
  -> No Open Access PDF found.
Searching: Sandeep S. Jaiswal (2026) - Indian Journal of Advanced Mathematics
Error searching OpenAlex: 429 Client Error: Too Many Requests for url: https://api.openalex.org/works?search=Sandeep%20S.%20Jaiswal%20Indian%20Journal%20of%20Advanced%20Mathematics%20Proposes%20a%20comprehensive%20disproof%20of%20the%20Riemann%20H&filter=publication_year:2026&mailto=antigravity@example.com
  -> No Open Access PDF found.
Searching: B. Candelpergher (2026) - arXiv:2512.11405 [math.NT]
Error searching OpenAlex: 429 Client Error: Too Many Requests for url: https://api.openalex.org/works?search=B.%20Candelpergher%20arXiv%3A2512.11405%20%5Bmath.NT%5D%20Presents%20new%20polynomial%20expansions%20for%20the%20Dirichl&filter=publication_year:2026&mailto=antigravity@example.com
  -> No Open Access PDF found.
Searching: Predrag B. Petrović (2026) - Walter de Gruyter GmbH & Co KG
Error searching OpenAlex: 429 Client Error: Too Many Requests for url: https://api.openalex.org/works?search=Predrag%20B.%20Petrovi%C4%87%20Walter%20de%20Gruyter%20GmbH%20%26%20Co%20KG%20Monograph%20developing%20a%20special%20method&filter=publication_year:2026&mailto=antigravity@example.com
  -> No Open Access PDF found.
Searching: Larry Guth and James Maynard (2026) - Annals of Mathematics
Error searching OpenAlex: 429 Client Error: Too Many Requests for url: https://api.openalex.org/works?search=Larry%20Guth%20and%20James%20Maynard%20Annals%20of%20Mathematics%20Proves%20new%20large-value%20estimates%20for%20Dirichlet%20pol&filter=publication_year:2026&mailto=antigravity@example.com
  -> No Open Access PDF found.
Searching: Harald Bohr and Børge Jessen (1930) - Acta Mathematica
Error searching OpenAlex: 429 Client Error: Too Many Requests for url: https://api.openalex.org/works?search=Harald%20Bohr%20and%20B%C3%B8rge%20Jessen%20Acta%20Mathematica%20Proves%20a%20functional%20limit%20theorem&filter=publication_year:1930&mailto=antigravity@example.com
  -> No Open Access PDF found.
Searching: Atle Selberg (1956) - Journal of the Indian Mathematical Society
Error searching OpenAlex: 429 Client Error: Too Many Requests for url: https://api.openalex.org/works?search=Atle%20Selberg%20Journal%20of%20the%20Indian%20Mathematical%20Society%20Establishes%20the%20Selberg%20Trace%20Formula&filter=publication_year:1956&mailto=antigravity@example.com
  -> No Open Access PDF found.
Searching: G. Pólya (1926) - Acta Mathematica
Error searching OpenAlex: 429 Client Error: Too Many Requests for url: https://api.openalex.org/works?search=G.%20P%C3%B3lya%20Acta%20Mathematica%20Analyzes%20the%20zeros%20of%20trigonometric%20integrals&filter=publication_year:1926&mailto=antigravity@example.com
  -> No Open Access PDF found.
Searching: J. P. Kahane (1968) - Annales de l'Institut Fourier
Error searching OpenAlex: 429 Client Error: Too Many Requests for url: https://api.openalex.org/works?search=J.%20P.%20Kahane%20Annales%20de%20l%27Institut%20Fourier%20Explores%20approximation%20properties&filter=publication_year:1968&mailto=antigravity@example.com
  -> No Open Access PDF found.
Searching: G. Montgomery and D. Goldston (1987) - Srinivasa Ramanujan Centenary Volume
Error searching OpenAlex: 429 Client Error: Too Many Requests for url: https://api.openalex.org/works?search=G.%20Montgomery%20and%20D.%20Goldston%20Srinivasa%20Ramanujan%20Centenary%20Volume%20Explores%20the%20connection%20between%20the%20pair%20correlati&filter=publication_year:1987&mailto=antigravity@example.com
  -> No Open Access PDF found.
Searching: Alain Connes (1999) - Selecta Mathematica
Error searching OpenAlex: 429 Client Error: Too Many Requests for url: https://api.openalex.org/works?search=Alain%20Connes%20Selecta%20Mathematica%20Formulates%20the%20ad%C3%A8lic%20spectral%20trace%20formula&filter=publication_year:1999&mailto=antigravity@example.com
  -> No Open Access PDF found.
Searching: J. P. Keating and N. C. Snaith (2000) - Communications in Mathematical Physics
Error searching OpenAlex: 429 Client Error: Too Many Requests for url: https://api.openalex.org/works?search=J.%20P.%20Keating%20and%20N.%20C.%20Snaith%20Communications%20in%20Mathematical%20Physics%20Connects%20GUE%20random%20matrix%20theory&filter=publication_year:2000&mailto=antigravity@example.com
  -> No Open Access PDF found.
Searching: Henryk Iwaniec and Emmanuel Kowalski (2004) - Analytic Number Theory (AMS)
Error searching OpenAlex: 429 Client Error: Too Many Requests for url: https://api.openalex.org/works?search=Henryk%20Iwaniec%20and%20Emmanuel%20Kowalski%20Analytic%20Number%20Theory%20%28AMS%29%20Formulates%20the%20definitive%20reference&filter=publication_year:2004&mailto=antigravity@example.com
  -> No Open Access PDF found.
Searching: K. Soundararajan (2009) - Annals of Mathematics
Error searching OpenAlex: 429 Client Error: Too Many Requests for url: https://api.openalex.org/works?search=K.%20Soundararajan%20Annals%20of%20Mathematics%20Proves%20sharp%20upper%20bounds&filter=publication_year:2009&mailto=antigravity@example.com
  -> No Open Access PDF found.
Searching: Terence Tao et al. (Polymath15) (2019) - Research in the Mathematical Sciences
Error searching OpenAlex: 429 Client Error: Too Many Requests for url: https://api.openalex.org/works?search=Terence%20Tao%20et%20al.%20%28Polymath15%29%20Research%20in%20the%20Mathematical%20Sciences%20Collaborative%20project%20proving%20the%20sharpest%20explici&filter=publication_year:2019&mailto=antigravity@example.com
  -> No Open Access PDF found.
Searching: Brad Rodgers and Terence Tao (2020) - Forum of Mathematics, Pi
Error searching OpenAlex: 429 Client Error: Too Many Requests for url: https://api.openalex.org/works?search=Brad%20Rodgers%20and%20Terence%20Tao%20Forum%20of%20Mathematics%2C%20Pi%20Proves%20Newman%27s%20conjecture&filter=publication_year:2020&mailto=antigravity@example.com
  -> No Open Access PDF found.
Searching: Sébastien Darses and Erwan Hillion (2024) - Acta Arithmetica
Error searching OpenAlex: 429 Client Error: Too Many Requests for url: https://api.openalex.org/works?search=S%C3%A9bastien%20Darses%20and%20Erwan%20Hillion%20Acta%20Arithmetica%20Proves%20polynomial%20moments&filter=publication_year:2024&mailto=antigravity@example.com
  -> No Open Access PDF found.
Searching: Sébastien Darses and Joseph Najnudel (2024) - The Ramanujan Journal
Error searching OpenAlex: 429 Client Error: Too Many Requests for url: https://api.openalex.org/works?search=S%C3%A9bastien%20Darses%20and%20Joseph%20Najnudel%20The%20Ramanujan%20Journal%20Derives%20multiple%20integral%20formulas&filter=publication_year:2024&mailto=antigravity@example.com
  -> No Open Access PDF found.
Searching: Vlasie (2024) - Preprint / GADU-IOMM Framework
Error searching OpenAlex: 429 Client Error: Too Many Requests for url: https://api.openalex.org/works?search=Vlasie%20Preprint%20/%20GADU-IOMM%20Framework%20Proposes%20the%20Theory%20of%20Tired%20Infinity&filter=publication_year:2024&mailto=antigravity@example.com
  -> No Open Access PDF found.
Searching: LecMussDefect Authors (2024) - Preprint / Statistical Mechanics
Error searching OpenAlex: 429 Client Error: Too Many Requests for url: https://api.openalex.org/works?search=LecMussDefect%20Authors%20Preprint%20/%20Statistical%20Mechanics%20Explores%20the%20Bethe%20Ansatz%20equation&filter=publication_year:2024&mailto=antigravity@example.com
  -> No Open Access PDF found.
Searching: Alain Connes (2026) - arXiv:2602.04022 [math.NT]
Error searching OpenAlex: 429 Client Error: Too Many Requests for url: https://api.openalex.org/works?search=Alain%20Connes%20arXiv%3A2602.04022%20%5Bmath.NT%5D%20Formulates%20the%20%22Letter%20to%20Riemann%22%20Survey&filter=publication_year:2026&mailto=antigravity@example.com
  -> No Open Access PDF found.
Searching: Akiva Groskin (2026) - Preprint (May 2026)
Error searching OpenAlex: 429 Client Error: Too Many Requests for url: https://api.openalex.org/works?search=Akiva%20Groskin%20Preprint%20%28May%202026%29%20Performs%20the%20first%20independent%20high-precision%20repl&filter=publication_year:2026&mailto=antigravity@example.com
  -> No Open Access PDF found.
Searching: Preprints.org Authors (2026) - Preprints.org: 202604.1513
Error searching OpenAlex: 429 Client Error: Too Many Requests for url: https://api.openalex.org/works?search=Preprints.org%20Authors%20Preprints.org%3A%20202604.1513%20Proves%20strict%20log-concavity%20of%20the%20Riemann-Jacobi%20&filter=publication_year:2026&mailto=antigravity@example.com
  -> No Open Access PDF found.

Done. Successfully downloaded 0 papers. Failed/Not found: 138
